<?xml version="1.0" encoding="UTF-8"?>
<testng-results ignored="0" total="2" passed="2" failed="0" skipped="0">
  <reporter-output>
  </reporter-output>
  <suite started-at="2023-01-19T17:01:53 IST" name="Default suite" finished-at="2023-01-19T17:03:39 IST" duration-ms="105999">
    <groups>
      <group name="cucumber">
        <method signature="AbstractTestNGCucumberTests.runScenario(io.cucumber.testng.PickleWrapper,io.cucumber.testng.FeatureWrapper)[pri:0, instance:Runner.TestRunnerMultiCover@3e27aa33]" name="runScenario" class="io.cucumber.testng.AbstractTestNGCucumberTests"/>
      </group> <!-- cucumber -->
    </groups>
    <test started-at="2023-01-19T17:01:53 IST" name="Default test" finished-at="2023-01-19T17:03:39 IST" duration-ms="105999">
      <class name="Runner.TestRunnerMultiCover">
        <test-method is-config="true" signature="setUpClass(org.testng.ITestContext)[pri:0, instance:Runner.TestRunnerMultiCover@3e27aa33]" started-at="2023-01-19T17:01:53 IST" name="setUpClass" finished-at="2023-01-19T17:01:54 IST" duration-ms="962" status="PASS">
          <params>
            <param index="0">
              <value>
                <![CDATA[org.testng.TestRunner@5086623f]]>
              </value>
            </param>
          </params>
          <reporter-output>
          </reporter-output>
        </test-method> <!-- setUpClass -->
        <test-method signature="runScenario(io.cucumber.testng.PickleWrapper,io.cucumber.testng.FeatureWrapper)[pri:0, instance:Runner.TestRunnerMultiCover@3e27aa33]" started-at="2023-01-19T17:01:54 IST" name="runScenario" description="Runs Cucumber Scenarios" data-provider="scenarios" finished-at="2023-01-19T17:02:49 IST" duration-ms="55429" status="PASS">
          <params>
            <param index="0">
              <value>
                <![CDATA["Check the MultiCoverDetails page"]]>
              </value>
            </param>
            <param index="1">
              <value>
                <![CDATA["Optional[MultiCoverDetails page test]"]]>
              </value>
            </param>
          </params>
          <reporter-output>
          </reporter-output>
        </test-method> <!-- runScenario -->
        <test-method signature="runScenario(io.cucumber.testng.PickleWrapper,io.cucumber.testng.FeatureWrapper)[pri:0, instance:Runner.TestRunnerMultiCover@3e27aa33]" started-at="2023-01-19T17:02:49 IST" name="runScenario" description="Runs Cucumber Scenarios" data-provider="scenarios" finished-at="2023-01-19T17:03:38 IST" duration-ms="49158" status="PASS">
          <params>
            <param index="0">
              <value>
                <![CDATA["Check the MultiCoverDetails page"]]>
              </value>
            </param>
            <param index="1">
              <value>
                <![CDATA["Optional[MultiCoverDetails page test]"]]>
              </value>
            </param>
          </params>
          <reporter-output>
          </reporter-output>
        </test-method> <!-- runScenario -->
        <test-method is-config="true" signature="tearDownClass()[pri:0, instance:Runner.TestRunnerMultiCover@3e27aa33]" started-at="2023-01-19T17:03:39 IST" name="tearDownClass" finished-at="2023-01-19T17:03:39 IST" duration-ms="408" status="PASS">
          <reporter-output>
          </reporter-output>
        </test-method> <!-- tearDownClass -->
      </class> <!-- Runner.TestRunnerMultiCover -->
    </test> <!-- Default test -->
  </suite> <!-- Default suite -->
</testng-results>
